C:\USERS\YAGE\DOCUMENTS\GITHUB\MPCLIENT\PLAYER\DEBUG\MOC_UPDATECONTROLER.OBJ
C:\USERS\YAGE\DOCUMENTS\GITHUB\MPCLIENT\PLAYER\DEBUG\MOC_TABPAGESCONTROLLER.OBJ
C:\USERS\YAGE\DOCUMENTS\GITHUB\MPCLIENT\PLAYER\DEBUG\MOC_TABMODEL.OBJ
C:\USERS\YAGE\DOCUMENTS\GITHUB\MPCLIENT\PLAYER\DEBUG\MOC_RADIOPAGECONTROLLER.OBJ
C:\USERS\YAGE\DOCUMENTS\GITHUB\MPCLIENT\PLAYER\DEBUG\MOC_RADIOCOMPOSITEMODEL.OBJ
C:\USERS\YAGE\DOCUMENTS\GITHUB\MPCLIENT\PLAYER\DEBUG\MOC_QSLTCURSORSHAPEAREA.OBJ
C:\USERS\YAGE\DOCUMENTS\GITHUB\MPCLIENT\PLAYER\DEBUG\MOC_MULTIEDITDIALOG.OBJ
C:\USERS\YAGE\DOCUMENTS\GITHUB\MPCLIENT\PLAYER\DEBUG\MOC_LINKBUTTON.OBJ
C:\USERS\YAGE\DOCUMENTS\GITHUB\MPCLIENT\PLAYER\DEBUG\MOC_IDLEINPUTCONTROLLER.OBJ
C:\USERS\YAGE\DOCUMENTS\GITHUB\MPCLIENT\PLAYER\DEBUG\MOC_GENREMODEL.OBJ
C:\USERS\YAGE\DOCUMENTS\GITHUB\MPCLIENT\PLAYER\DEBUG\MOC_FILEDOWNLOADER.OBJ
C:\USERS\YAGE\DOCUMENTS\GITHUB\MPCLIENT\PLAYER\DEBUG\MOC_CHEATCONTROLLER.OBJ
C:\USERS\YAGE\DOCUMENTS\GITHUB\MPCLIENT\PLAYER\DEBUG\MOC_CHANNELSOURCEMODEL.OBJ
C:\USERS\YAGE\DOCUMENTS\GITHUB\MPCLIENT\PLAYER\DEBUG\MOC_CHANNELMETADATAMODEL.OBJ
C:\USERS\YAGE\DOCUMENTS\GITHUB\MPCLIENT\PLAYER\DEBUG\MOC_AUDIOSTREAMCONTROLLER.OBJ
C:\USERS\YAGE\DOCUMENTS\GITHUB\MPCLIENT\PLAYER\DEBUG\MOC_TITLEBAR.OBJ
C:\USERS\YAGE\DOCUMENTS\GITHUB\MPCLIENT\PLAYER\DEBUG\MOC_TABWIDGET.OBJ
C:\USERS\YAGE\DOCUMENTS\GITHUB\MPCLIENT\PLAYER\DEBUG\MOC_TABPAGE.OBJ
C:\USERS\YAGE\DOCUMENTS\GITHUB\MPCLIENT\PLAYER\DEBUG\MOC_RADIOPAGE.OBJ
C:\USERS\YAGE\DOCUMENTS\GITHUB\MPCLIENT\PLAYER\DEBUG\MOC_APPCONTROLLER.OBJ
C:\USERS\YAGE\DOCUMENTS\GITHUB\MPCLIENT\PLAYER\DEBUG\MOC_UPDATEMODEL.OBJ
C:\USERS\YAGE\DOCUMENTS\GITHUB\MPCLIENT\PLAYER\DEBUG\ENTRYPOINT.OBJ
C:\USERS\YAGE\DOCUMENTS\GITHUB\MPCLIENT\PLAYER\DEBUG\TABWIDGET.OBJ
C:\USERS\YAGE\DOCUMENTS\GITHUB\MPCLIENT\PLAYER\DEBUG\TABPAGE.OBJ
C:\USERS\YAGE\DOCUMENTS\GITHUB\MPCLIENT\PLAYER\DEBUG\MAINWINDOW.OBJ
C:\USERS\YAGE\DOCUMENTS\GITHUB\MPCLIENT\PLAYER\DEBUG\MOC_TVPAGE.OBJ
C:\USERS\YAGE\DOCUMENTS\GITHUB\MPCLIENT\PLAYER\DEBUG\MOC_MAINWINDOW.OBJ
C:\USERS\YAGE\DOCUMENTS\GITHUB\MPCLIENT\PLAYER\DEBUG\CHEATCONTROLLER.OBJ
C:\USERS\YAGE\DOCUMENTS\GITHUB\MPCLIENT\PLAYER\DEBUG\APPCONTROLLER.OBJ
C:\USERS\YAGE\DOCUMENTS\GITHUB\MPCLIENT\PLAYER\DEBUG\WIDGETUTILS.OBJ
C:\USERS\YAGE\DOCUMENTS\GITHUB\MPCLIENT\PLAYER\DEBUG\UPDATECONTROLER.OBJ
C:\USERS\YAGE\DOCUMENTS\GITHUB\MPCLIENT\PLAYER\DEBUG\TITLEBAR.OBJ
C:\USERS\YAGE\DOCUMENTS\GITHUB\MPCLIENT\PLAYER\DEBUG\IDLEINPUTCONTROLLER.OBJ
C:\USERS\YAGE\DOCUMENTS\GITHUB\MPCLIENT\PLAYER\DEBUG\MOC_WEBVIEW.OBJ
C:\USERS\YAGE\DOCUMENTS\GITHUB\MPCLIENT\PLAYER\DEBUG\MOC_URLMODEL.OBJ
C:\USERS\YAGE\DOCUMENTS\GITHUB\MPCLIENT\PLAYER\DEBUG\MOC_DOWNLAODCONTROLLER.OBJ
C:\USERS\YAGE\DOCUMENTS\GITHUB\MPCLIENT\PLAYER\DEBUG\DOWNLAODCONTROLLER.OBJ
C:\USERS\YAGE\DOCUMENTS\GITHUB\MPCLIENT\PLAYER\DEBUG\AUDIOSTREAMCONTROLLER.OBJ
C:\USERS\YAGE\DOCUMENTS\GITHUB\MPCLIENT\PLAYER\DEBUG\WEBVIEW.OBJ
C:\USERS\YAGE\DOCUMENTS\GITHUB\MPCLIENT\PLAYER\DEBUG\TABPAGESCONTROLLER.OBJ
C:\USERS\YAGE\DOCUMENTS\GITHUB\MPCLIENT\PLAYER\DEBUG\TVPAGE.OBJ
C:\USERS\YAGE\DOCUMENTS\GITHUB\MPCLIENT\PLAYER\DEBUG\RADIOPAGECONTROLLER.OBJ
C:\USERS\YAGE\DOCUMENTS\GITHUB\MPCLIENT\PLAYER\DEBUG\RADIOCOMPOSITEMODEL.OBJ
C:\USERS\YAGE\DOCUMENTS\GITHUB\MPCLIENT\PLAYER\DEBUG\QSLTCURSORSHAPEAREA.OBJ
C:\USERS\YAGE\DOCUMENTS\GITHUB\MPCLIENT\PLAYER\DEBUG\PATH.OBJ
C:\USERS\YAGE\DOCUMENTS\GITHUB\MPCLIENT\PLAYER\DEBUG\NCFRAMELESSHELPER.OBJ
C:\USERS\YAGE\DOCUMENTS\GITHUB\MPCLIENT\PLAYER\DEBUG\MULTIEDITDIALOG.OBJ
C:\USERS\YAGE\DOCUMENTS\GITHUB\MPCLIENT\PLAYER\DEBUG\LOG.OBJ
C:\USERS\YAGE\DOCUMENTS\GITHUB\MPCLIENT\PLAYER\DEBUG\LINKBUTTON.OBJ
C:\USERS\YAGE\DOCUMENTS\GITHUB\MPCLIENT\PLAYER\DEBUG\URLMODEL.OBJ
C:\USERS\YAGE\DOCUMENTS\GITHUB\MPCLIENT\PLAYER\DEBUG\FILEDOWNLOADER.OBJ
C:\USERS\YAGE\DOCUMENTS\GITHUB\MPCLIENT\PLAYER\DEBUG\DEFAULTBROWSERCONTROLLER.OBJ
C:\USERS\YAGE\DOCUMENTS\GITHUB\MPCLIENT\PLAYER\DEBUG\CHANNELMETADATAMODEL.OBJ
C:\USERS\YAGE\DOCUMENTS\GITHUB\MPCLIENT\PLAYER\DEBUG\RADIOPAGE.OBJ
C:\USERS\YAGE\DOCUMENTS\GITHUB\MPCLIENT\PLAYER\DEBUG\UPDATEMODEL.OBJ
C:\USERS\YAGE\DOCUMENTS\GITHUB\MPCLIENT\PLAYER\DEBUG\TABMODEL.OBJ
C:\USERS\YAGE\DOCUMENTS\GITHUB\MPCLIENT\PLAYER\DEBUG\GENREMODEL.OBJ
C:\USERS\YAGE\DOCUMENTS\GITHUB\MPCLIENT\PLAYER\DEBUG\CHANNELSOURCEMODEL.OBJ
C:\USERS\YAGE\DOCUMENTS\GITHUB\MPCLIENT\PLAYER\DEBUG\VC110.PDB
C:\USERS\YAGE\DOCUMENTS\GITHUB\MPCLIENT\PLAYER\DEBUG\QRC_PLAYER.OBJ
C:\USERS\YAGE\DOCUMENTS\GITHUB\MPCLIENT\PLAYER\GENERATEDFILES\QRC_PLAYER.CPP
C:\USERS\YAGE\DOCUMENTS\GITHUB\MPCLIENT\PLAYER\GENERATEDFILES\DEBUG\MOC_MAINWINDOW.CPP
C:\USERS\YAGE\DOCUMENTS\GITHUB\MPCLIENT\PLAYER\GENERATEDFILES\DEBUG\MOC_CHEATCONTROLLER.CPP
C:\USERS\YAGE\DOCUMENTS\GITHUB\MPCLIENT\PLAYER\GENERATEDFILES\DEBUG\MOC_IDLEINPUTCONTROLLER.CPP
C:\USERS\YAGE\DOCUMENTS\GITHUB\MPCLIENT\PLAYER\GENERATEDFILES\DEBUG\MOC_DOWNLAODCONTROLLER.CPP
C:\USERS\YAGE\DOCUMENTS\GITHUB\MPCLIENT\PLAYER\GENERATEDFILES\DEBUG\MOC_FILEDOWNLOADER.CPP
C:\USERS\YAGE\DOCUMENTS\GITHUB\MPCLIENT\PLAYER\GENERATEDFILES\DEBUG\MOC_LINKBUTTON.CPP
C:\USERS\YAGE\DOCUMENTS\GITHUB\MPCLIENT\PLAYER\GENERATEDFILES\DEBUG\MOC_UPDATECONTROLER.CPP
C:\USERS\YAGE\DOCUMENTS\GITHUB\MPCLIENT\PLAYER\GENERATEDFILES\DEBUG\MOC_MULTIEDITDIALOG.CPP
C:\USERS\YAGE\DOCUMENTS\GITHUB\MPCLIENT\PLAYER\GENERATEDFILES\DEBUG\MOC_RADIOCOMPOSITEMODEL.CPP
C:\USERS\YAGE\DOCUMENTS\GITHUB\MPCLIENT\PLAYER\GENERATEDFILES\DEBUG\MOC_WEBVIEW.CPP
C:\USERS\YAGE\DOCUMENTS\GITHUB\MPCLIENT\PLAYER\GENERATEDFILES\DEBUG\MOC_QSLTCURSORSHAPEAREA.CPP
C:\USERS\YAGE\DOCUMENTS\GITHUB\MPCLIENT\PLAYER\GENERATEDFILES\DEBUG\MOC_RADIOPAGECONTROLLER.CPP
C:\USERS\YAGE\DOCUMENTS\GITHUB\MPCLIENT\PLAYER\GENERATEDFILES\DEBUG\MOC_TITLEBAR.CPP
C:\USERS\YAGE\DOCUMENTS\GITHUB\MPCLIENT\PLAYER\GENERATEDFILES\DEBUG\MOC_RADIOPAGE.CPP
C:\USERS\YAGE\DOCUMENTS\GITHUB\MPCLIENT\PLAYER\GENERATEDFILES\DEBUG\MOC_TVPAGE.CPP
C:\USERS\YAGE\DOCUMENTS\GITHUB\MPCLIENT\PLAYER\GENERATEDFILES\DEBUG\MOC_APPCONTROLLER.CPP
C:\USERS\YAGE\DOCUMENTS\GITHUB\MPCLIENT\PLAYER\GENERATEDFILES\DEBUG\MOC_CHANNELMETADATAMODEL.CPP
C:\USERS\YAGE\DOCUMENTS\GITHUB\MPCLIENT\PLAYER\GENERATEDFILES\DEBUG\MOC_TABPAGESCONTROLLER.CPP
C:\USERS\YAGE\DOCUMENTS\GITHUB\MPCLIENT\PLAYER\GENERATEDFILES\DEBUG\MOC_TABPAGE.CPP
C:\USERS\YAGE\DOCUMENTS\GITHUB\MPCLIENT\PLAYER\GENERATEDFILES\DEBUG\MOC_TABWIDGET.CPP
C:\USERS\YAGE\DOCUMENTS\GITHUB\MPCLIENT\PLAYER\GENERATEDFILES\DEBUG\MOC_AUDIOSTREAMCONTROLLER.CPP
C:\USERS\YAGE\DOCUMENTS\GITHUB\MPCLIENT\PLAYER\GENERATEDFILES\DEBUG\MOC_URLMODEL.CPP
C:\USERS\YAGE\DOCUMENTS\GITHUB\MPCLIENT\PLAYER\GENERATEDFILES\DEBUG\MOC_GENREMODEL.CPP
C:\USERS\YAGE\DOCUMENTS\GITHUB\MPCLIENT\PLAYER\GENERATEDFILES\DEBUG\MOC_UPDATEMODEL.CPP
C:\USERS\YAGE\DOCUMENTS\GITHUB\MPCLIENT\PLAYER\GENERATEDFILES\DEBUG\MOC_TABMODEL.CPP
C:\USERS\YAGE\DOCUMENTS\GITHUB\MPCLIENT\PLAYER\GENERATEDFILES\DEBUG\MOC_CHANNELSOURCEMODEL.CPP
C:\Users\yage\Documents\GitHub\mpclient\Player\Debug\AppController.obj
C:\Users\yage\Documents\GitHub\mpclient\Player\Debug\AudioStreamController.obj
C:\Users\yage\Documents\GitHub\mpclient\Player\Debug\ChannelMetadataModel.obj
C:\Users\yage\Documents\GitHub\mpclient\Player\Debug\ChannelSourceModel.obj
C:\Users\yage\Documents\GitHub\mpclient\Player\Debug\CheatController.obj
C:\Users\yage\Documents\GitHub\mpclient\Player\Debug\DefaultBrowserController.obj
C:\Users\yage\Documents\GitHub\mpclient\Player\Debug\DownlaodController.obj
C:\Users\yage\Documents\GitHub\mpclient\Player\Debug\EntryPoint.obj
C:\Users\yage\Documents\GitHub\mpclient\Player\Debug\FileDownloader.obj
C:\Users\yage\Documents\GitHub\mpclient\Player\Debug\GenreModel.obj
C:\Users\yage\Documents\GitHub\mpclient\Player\Debug\IdleInputController.obj
C:\Users\yage\Documents\GitHub\mpclient\Player\Debug\LinkButton.obj
C:\Users\yage\Documents\GitHub\mpclient\Player\Debug\Log.obj
C:\Users\yage\Documents\GitHub\mpclient\Player\Debug\MainWindow.obj
C:\Users\yage\Documents\GitHub\mpclient\Player\Debug\moc_AppController.obj
C:\Users\yage\Documents\GitHub\mpclient\Player\Debug\moc_AudioStreamController.obj
C:\Users\yage\Documents\GitHub\mpclient\Player\Debug\moc_ChannelMetadataModel.obj
C:\Users\yage\Documents\GitHub\mpclient\Player\Debug\moc_ChannelSourceModel.obj
C:\Users\yage\Documents\GitHub\mpclient\Player\Debug\moc_CheatController.obj
C:\Users\yage\Documents\GitHub\mpclient\Player\Debug\moc_DownlaodController.obj
C:\Users\yage\Documents\GitHub\mpclient\Player\Debug\moc_FileDownloader.obj
C:\Users\yage\Documents\GitHub\mpclient\Player\Debug\moc_GenreModel.obj
C:\Users\yage\Documents\GitHub\mpclient\Player\Debug\moc_IdleInputController.obj
C:\Users\yage\Documents\GitHub\mpclient\Player\Debug\moc_LinkButton.obj
C:\Users\yage\Documents\GitHub\mpclient\Player\Debug\moc_MainWindow.obj
C:\Users\yage\Documents\GitHub\mpclient\Player\Debug\moc_MultiEditDialog.obj
C:\Users\yage\Documents\GitHub\mpclient\Player\Debug\moc_QsltCursorShapeArea.obj
C:\Users\yage\Documents\GitHub\mpclient\Player\Debug\moc_RadioCompositeModel.obj
C:\Users\yage\Documents\GitHub\mpclient\Player\Debug\moc_RadioPage.obj
C:\Users\yage\Documents\GitHub\mpclient\Player\Debug\moc_RadioPageController.obj
C:\Users\yage\Documents\GitHub\mpclient\Player\Debug\moc_TabModel.obj
C:\Users\yage\Documents\GitHub\mpclient\Player\Debug\moc_TabPage.obj
C:\Users\yage\Documents\GitHub\mpclient\Player\Debug\moc_TabPagesController.obj
C:\Users\yage\Documents\GitHub\mpclient\Player\Debug\moc_TabWidget.obj
C:\Users\yage\Documents\GitHub\mpclient\Player\Debug\moc_Titlebar.obj
C:\Users\yage\Documents\GitHub\mpclient\Player\Debug\moc_TVPage.obj
C:\Users\yage\Documents\GitHub\mpclient\Player\Debug\moc_UpdateControler.obj
C:\Users\yage\Documents\GitHub\mpclient\Player\Debug\moc_UpdateModel.obj
C:\Users\yage\Documents\GitHub\mpclient\Player\Debug\moc_UrlModel.obj
C:\Users\yage\Documents\GitHub\mpclient\Player\Debug\moc_WebView.obj
C:\Users\yage\Documents\GitHub\mpclient\Player\Debug\MultiEditDialog.obj
C:\Users\yage\Documents\GitHub\mpclient\Player\Debug\NcFramelessHelper.obj
C:\Users\yage\Documents\GitHub\mpclient\Player\Debug\Path.obj
C:\Users\yage\Documents\GitHub\mpclient\Player\Debug\qrc_Player.obj
C:\Users\yage\Documents\GitHub\mpclient\Player\Debug\QsltCursorShapeArea.obj
C:\Users\yage\Documents\GitHub\mpclient\Player\Debug\RadioCompositeModel.obj
C:\Users\yage\Documents\GitHub\mpclient\Player\Debug\RadioPage.obj
C:\Users\yage\Documents\GitHub\mpclient\Player\Debug\RadioPageController.obj
C:\Users\yage\Documents\GitHub\mpclient\Player\Debug\TabModel.obj
C:\Users\yage\Documents\GitHub\mpclient\Player\Debug\TabPage.obj
C:\Users\yage\Documents\GitHub\mpclient\Player\Debug\TabPagesController.obj
C:\Users\yage\Documents\GitHub\mpclient\Player\Debug\TabWidget.obj
C:\Users\yage\Documents\GitHub\mpclient\Player\Debug\Titlebar.obj
C:\Users\yage\Documents\GitHub\mpclient\Player\Debug\TVPage.obj
C:\Users\yage\Documents\GitHub\mpclient\Player\Debug\UpdateControler.obj
C:\Users\yage\Documents\GitHub\mpclient\Player\Debug\UpdateModel.obj
C:\Users\yage\Documents\GitHub\mpclient\Player\Debug\UrlModel.obj
C:\Users\yage\Documents\GitHub\mpclient\Player\Debug\WebView.obj
C:\Users\yage\Documents\GitHub\mpclient\Player\Debug\WidgetUtils.obj
C:\Users\yage\Documents\GitHub\mpclient\Player\Debug\cl.command.1.tlog
C:\Users\yage\Documents\GitHub\mpclient\Player\Debug\CL.read.1.tlog
C:\Users\yage\Documents\GitHub\mpclient\Player\Debug\CL.write.1.tlog
C:\Users\yage\Documents\GitHub\mpclient\Player\Debug\custombuild.command.1.tlog
C:\Users\yage\Documents\GitHub\mpclient\Player\Debug\custombuild.read.1.tlog
C:\Users\yage\Documents\GitHub\mpclient\Player\Debug\custombuild.write.1.tlog
C:\Users\yage\Documents\GitHub\mpclient\Player\Debug\link.command.1.tlog
C:\Users\yage\Documents\GitHub\mpclient\Player\Debug\link.read.1.tlog
C:\Users\yage\Documents\GitHub\mpclient\Player\Debug\link.write.1.tlog
C:\Users\yage\Documents\GitHub\mpclient\Player\Debug\vc110.pdb
