C:\USERS\YAGE\DOCUMENTS\GITHUB\MPCLIENT\LOADER\DEBUG\CONFIG.OBJ
C:\USERS\YAGE\DOCUMENTS\GITHUB\MPCLIENT\LOADER\DEBUG\UTILS.OBJ
C:\USERS\YAGE\DOCUMENTS\GITHUB\MPCLIENT\LOADER\DEBUG\FILETOUPDATE.OBJ
C:\USERS\YAGE\DOCUMENTS\GITHUB\MPCLIENT\LOADER\DEBUG\HASH.OBJ
C:\USERS\YAGE\DOCUMENTS\GITHUB\MPCLIENT\LOADER\DEBUG\HTTPAPI.OBJ
C:\USERS\YAGE\DOCUMENTS\GITHUB\MPCLIENT\LOADER\DEBUG\JSON_READER.OBJ
C:\USERS\YAGE\DOCUMENTS\GITHUB\MPCLIENT\LOADER\DEBUG\JSON_VALUE.OBJ
C:\USERS\YAGE\DOCUMENTS\GITHUB\MPCLIENT\LOADER\DEBUG\JSON_WRITER.OBJ
C:\USERS\YAGE\DOCUMENTS\GITHUB\MPCLIENT\LOADER\DEBUG\ENTRYPOINT.OBJ
C:\USERS\YAGE\DOCUMENTS\GITHUB\MPCLIENT\LOADER\DEBUG\PATH.OBJ
C:\USERS\YAGE\DOCUMENTS\GITHUB\MPCLIENT\LOADER\DEBUG\PROCESS.OBJ
C:\USERS\YAGE\DOCUMENTS\GITHUB\MPCLIENT\LOADER\DEBUG\STARTUPPARAMETERS.OBJ
C:\USERS\YAGE\DOCUMENTS\GITHUB\MPCLIENT\LOADER\DEBUG\VC110.PDB
C:\USERS\YAGE\DOCUMENTS\GITHUB\MPCLIENT\LOADER\DEBUG\IOAPI.OBJ
C:\USERS\YAGE\DOCUMENTS\GITHUB\MPCLIENT\LOADER\DEBUG\IOWIN32.OBJ
C:\USERS\YAGE\DOCUMENTS\GITHUB\MPCLIENT\LOADER\DEBUG\UNZIP.OBJ
C:\USERS\YAGE\DOCUMENTS\GITHUB\MPCLIENT\LOADER\DEBUG\ZIP.OBJ
C:\USERS\YAGE\DOCUMENTS\GITHUB\MPCLIENT\BIN\DEBUG\LOADER.ILK
C:\USERS\YAGE\DOCUMENTS\GITHUB\MPCLIENT\BIN\DEBUG\LOADER.EXE
C:\USERS\YAGE\DOCUMENTS\GITHUB\MPCLIENT\BIN\PDB\DEBUG\LOADER.PDB
C:\USERS\YAGE\DOCUMENTS\GITHUB\MPCLIENT\LOADER\DEBUG\LOADER.RES
C:\Users\yage\Documents\GitHub\mpclient\Loader\Debug\Config.obj
C:\Users\yage\Documents\GitHub\mpclient\Loader\Debug\EntryPoint.obj
C:\Users\yage\Documents\GitHub\mpclient\Loader\Debug\FileToUpdate.obj
C:\Users\yage\Documents\GitHub\mpclient\Loader\Debug\Hash.obj
C:\Users\yage\Documents\GitHub\mpclient\Loader\Debug\HttpApi.obj
C:\Users\yage\Documents\GitHub\mpclient\Loader\Debug\ioapi.obj
C:\Users\yage\Documents\GitHub\mpclient\Loader\Debug\iowin32.obj
C:\Users\yage\Documents\GitHub\mpclient\Loader\Debug\json_reader.obj
C:\Users\yage\Documents\GitHub\mpclient\Loader\Debug\json_value.obj
C:\Users\yage\Documents\GitHub\mpclient\Loader\Debug\json_writer.obj
C:\Users\yage\Documents\GitHub\mpclient\Loader\Debug\Path.obj
C:\Users\yage\Documents\GitHub\mpclient\Loader\Debug\Process.obj
C:\Users\yage\Documents\GitHub\mpclient\Loader\Debug\StartupParameters.obj
C:\Users\yage\Documents\GitHub\mpclient\Loader\Debug\unzip.obj
C:\Users\yage\Documents\GitHub\mpclient\Loader\Debug\Utils.obj
C:\Users\yage\Documents\GitHub\mpclient\Loader\Debug\zip.obj
C:\Users\yage\Documents\GitHub\mpclient\Loader\Debug\cl.command.1.tlog
C:\Users\yage\Documents\GitHub\mpclient\Loader\Debug\CL.read.1.tlog
C:\Users\yage\Documents\GitHub\mpclient\Loader\Debug\CL.write.1.tlog
C:\Users\yage\Documents\GitHub\mpclient\Loader\Debug\link-cvtres.read.1.tlog
C:\Users\yage\Documents\GitHub\mpclient\Loader\Debug\link-cvtres.write.1.tlog
C:\Users\yage\Documents\GitHub\mpclient\Loader\Debug\link-rc.read.1.tlog
C:\Users\yage\Documents\GitHub\mpclient\Loader\Debug\link-rc.write.1.tlog
C:\Users\yage\Documents\GitHub\mpclient\Loader\Debug\link.command.1.tlog
C:\Users\yage\Documents\GitHub\mpclient\Loader\Debug\link.read.1.tlog
C:\Users\yage\Documents\GitHub\mpclient\Loader\Debug\link.write.1.tlog
C:\Users\yage\Documents\GitHub\mpclient\Loader\Debug\rc.command.1.tlog
C:\Users\yage\Documents\GitHub\mpclient\Loader\Debug\rc.read.1.tlog
C:\Users\yage\Documents\GitHub\mpclient\Loader\Debug\rc.write.1.tlog
C:\Users\yage\Documents\GitHub\mpclient\Loader\Debug\Loader.res
C:\Users\yage\Documents\GitHub\mpclient\Loader\Debug\vc110.idb
C:\Users\yage\Documents\GitHub\mpclient\Loader\Debug\vc110.pdb
